This is pdfTeX, Version 3.14159265-2.6-1.40.20 (TeX Live 2019) (preloaded format=pdflatex 2019.5.8)  3 MAY 2020 16:24
entering extended mode
 restricted \write18 enabled.
 file:line:error style messages enabled.
 %&-line parsing enabled.
**main.tex
(./main.tex
LaTeX2e <2018-12-01>
(./wlscirep.cls
Document Class: wlscirep 27/02/2017, v1.3
(/usr/local/texlive/2019/texmf-dist/tex/latex/base/inputenc.sty
Package: inputenc 2018/08/11 v1.3c Input encoding file
\inpenc@prehook=\toks14
\inpenc@posthook=\toks15
)
(/usr/local/texlive/2019/texmf-dist/tex/generic/babel/babel.sty
Package: babel 2019/05/04 3.31 The Babel package

(/usr/local/texlive/2019/texmf-dist/tex/generic/babel/switch.def
File: switch.def 2019/05/04 3.31 Babel switching mechanism
)
(/usr/local/texlive/2019/texmf-dist/tex/generic/babel-english/english.ldf
Language: english 2017/06/06 v3.3r English support from the babel system

(/usr/local/texlive/2019/texmf-dist/tex/generic/babel/babel.def
File: babel.def 2019/05/04 3.31 Babel common definitions
\babel@savecnt=\count80
\U@D=\dimen102

(/usr/local/texlive/2019/texmf-dist/tex/generic/babel/txtbabel.def)
\bbl@dirlevel=\count81
)
\l@canadian = a dialect from \language\l@american 
\l@australian = a dialect from \language\l@british 
\l@newzealand = a dialect from \language\l@british 
))
(/usr/local/texlive/2019/texmf-dist/tex/latex/base/ifthen.sty
Package: ifthen 2014/09/29 v1.1c Standard LaTeX ifthen package (DPC)
)
(/usr/local/texlive/2019/texmf-dist/tex/latex/tools/calc.sty
Package: calc 2017/05/25 v4.3 Infix arithmetic (KKT,FJ)
\calc@Acount=\count82
\calc@Bcount=\count83
\calc@Adimen=\dimen103
\calc@Bdimen=\dimen104
\calc@Askip=\skip41
\calc@Bskip=\skip42
LaTeX Info: Redefining \setlength on input line 80.
LaTeX Info: Redefining \addtolength on input line 81.
\calc@Ccount=\count84
\calc@Cskip=\skip43
)
(/usr/local/texlive/2019/texmf-dist/tex/latex/base/article.cls
Document Class: article 2018/09/03 v1.4i Standard LaTeX document class
(/usr/local/texlive/2019/texmf-dist/tex/latex/base/size11.clo
File: size11.clo 2018/09/03 v1.4i Standard LaTeX file (size option)
)
\c@part=\count85
\c@section=\count86
\c@subsection=\count87
\c@subsubsection=\count88
\c@paragraph=\count89
\c@subparagraph=\count90
\c@figure=\count91
\c@table=\count92
\abovecaptionskip=\skip44
\belowcaptionskip=\skip45
\bibindent=\dimen105
)
(/usr/local/texlive/2019/texmf-dist/tex/latex/psnfss/times.sty
Package: times 2005/04/12 PSNFSS-v9.2a (SPQR) 
)
(/usr/local/texlive/2019/texmf-dist/tex/latex/psnfss/mathptmx.sty
Package: mathptmx 2005/04/12 PSNFSS-v9.2a Times w/ Math, improved (SPQR, WaS) 
LaTeX Font Info:    Redeclaring symbol font `operators' on input line 28.
LaTeX Font Info:    Overwriting symbol font `operators' in version `normal'
(Font)                  OT1/cmr/m/n --> OT1/ztmcm/m/n on input line 28.
LaTeX Font Info:    Overwriting symbol font `operators' in version `bold'
(Font)                  OT1/cmr/bx/n --> OT1/ztmcm/m/n on input line 28.
LaTeX Font Info:    Redeclaring symbol font `letters' on input line 29.
LaTeX Font Info:    Overwriting symbol font `letters' in version `normal'
(Font)                  OML/cmm/m/it --> OML/ztmcm/m/it on input line 29.
LaTeX Font Info:    Overwriting symbol font `letters' in version `bold'
(Font)                  OML/cmm/b/it --> OML/ztmcm/m/it on input line 29.
LaTeX Font Info:    Redeclaring symbol font `symbols' on input line 30.
LaTeX Font Info:    Overwriting symbol font `symbols' in version `normal'
(Font)                  OMS/cmsy/m/n --> OMS/ztmcm/m/n on input line 30.
LaTeX Font Info:    Overwriting symbol font `symbols' in version `bold'
(Font)                  OMS/cmsy/b/n --> OMS/ztmcm/m/n on input line 30.
LaTeX Font Info:    Redeclaring symbol font `largesymbols' on input line 31.
LaTeX Font Info:    Overwriting symbol font `largesymbols' in version `normal'
(Font)                  OMX/cmex/m/n --> OMX/ztmcm/m/n on input line 31.
LaTeX Font Info:    Overwriting symbol font `largesymbols' in version `bold'
(Font)                  OMX/cmex/m/n --> OMX/ztmcm/m/n on input line 31.
\symbold=\mathgroup4
\symitalic=\mathgroup5
LaTeX Font Info:    Redeclaring math alphabet \mathbf on input line 34.
LaTeX Font Info:    Overwriting math alphabet `\mathbf' in version `normal'
(Font)                  OT1/cmr/bx/n --> OT1/ptm/bx/n on input line 34.
LaTeX Font Info:    Overwriting math alphabet `\mathbf' in version `bold'
(Font)                  OT1/cmr/bx/n --> OT1/ptm/bx/n on input line 34.
LaTeX Font Info:    Redeclaring math alphabet \mathit on input line 35.
LaTeX Font Info:    Overwriting math alphabet `\mathit' in version `normal'
(Font)                  OT1/cmr/m/it --> OT1/ptm/m/it on input line 35.
LaTeX Font Info:    Overwriting math alphabet `\mathit' in version `bold'
(Font)                  OT1/cmr/bx/it --> OT1/ptm/m/it on input line 35.
LaTeX Info: Redefining \hbar on input line 50.
)
(/usr/local/texlive/2019/texmf-dist/tex/generic/oberdiek/ifpdf.sty
Package: ifpdf 2018/09/07 v3.3 Provides the ifpdf switch
)
(/usr/local/texlive/2019/texmf-dist/tex/latex/amsmath/amsmath.sty
Package: amsmath 2018/12/01 v2.17b AMS math features
\@mathmargin=\skip46

For additional information on amsmath, use the `?' option.
(/usr/local/texlive/2019/texmf-dist/tex/latex/amsmath/amstext.sty
Package: amstext 2000/06/29 v2.01 AMS text

(/usr/local/texlive/2019/texmf-dist/tex/latex/amsmath/amsgen.sty
File: amsgen.sty 1999/11/30 v2.0 generic functions
\@emptytoks=\toks16
\ex@=\dimen106
))
(/usr/local/texlive/2019/texmf-dist/tex/latex/amsmath/amsbsy.sty
Package: amsbsy 1999/11/29 v1.2d Bold Symbols
\pmbraise@=\dimen107
)
(/usr/local/texlive/2019/texmf-dist/tex/latex/amsmath/amsopn.sty
Package: amsopn 2016/03/08 v2.02 operator names
)
\inf@bad=\count93
LaTeX Info: Redefining \frac on input line 223.
\uproot@=\count94
\leftroot@=\count95
LaTeX Info: Redefining \overline on input line 385.
\classnum@=\count96
\DOTSCASE@=\count97
LaTeX Info: Redefining \ldots on input line 482.
LaTeX Info: Redefining \dots on input line 485.
LaTeX Info: Redefining \cdots on input line 606.
\Mathstrutbox@=\box27
\strutbox@=\box28
\big@size=\dimen108
LaTeX Font Info:    Redeclaring font encoding OML on input line 729.
LaTeX Font Info:    Redeclaring font encoding OMS on input line 730.
\macc@depth=\count98
\c@MaxMatrixCols=\count99
\dotsspace@=\muskip10
\c@parentequation=\count100
\dspbrk@lvl=\count101
\tag@help=\toks17
\row@=\count102
\column@=\count103
\maxfields@=\count104
\andhelp@=\toks18
\eqnshift@=\dimen109
\alignsep@=\dimen110
\tagshift@=\dimen111
\tagwidth@=\dimen112
\totwidth@=\dimen113
\lineht@=\dimen114
\@envbody=\toks19
\multlinegap=\skip47
\multlinetaggap=\skip48
\mathdisplay@stack=\toks20
LaTeX Info: Redefining \[ on input line 2844.
LaTeX Info: Redefining \] on input line 2845.
)
(/usr/local/texlive/2019/texmf-dist/tex/latex/amsfonts/amsfonts.sty
Package: amsfonts 2013/01/14 v3.01 Basic AMSFonts support
\symAMSa=\mathgroup6
\symAMSb=\mathgroup7
LaTeX Font Info:    Overwriting math alphabet `\mathfrak' in version `bold'
(Font)                  U/euf/m/n --> U/euf/b/n on input line 106.
)
(/usr/local/texlive/2019/texmf-dist/tex/latex/amsfonts/amssymb.sty
Package: amssymb 2013/01/14 v3.01 AMS font symbols
)
(/usr/local/texlive/2019/texmf-dist/tex/latex/graphics/graphicx.sty
Package: graphicx 2017/06/01 v1.1a Enhanced LaTeX Graphics (DPC,SPQR)

(/usr/local/texlive/2019/texmf-dist/tex/latex/graphics/keyval.sty
Package: keyval 2014/10/28 v1.15 key=value parser (DPC)
\KV@toks@=\toks21
)
(/usr/local/texlive/2019/texmf-dist/tex/latex/graphics/graphics.sty
Package: graphics 2017/06/25 v1.2c Standard LaTeX Graphics (DPC,SPQR)

(/usr/local/texlive/2019/texmf-dist/tex/latex/graphics/trig.sty
Package: trig 2016/01/03 v1.10 sin cos tan (DPC)
)
(/usr/local/texlive/2019/texmf-dist/tex/latex/graphics-cfg/graphics.cfg
File: graphics.cfg 2016/06/04 v1.11 sample graphics configuration
)
Package graphics Info: Driver file: pdftex.def on input line 99.

(/usr/local/texlive/2019/texmf-dist/tex/latex/graphics-def/pdftex.def
File: pdftex.def 2018/01/08 v1.0l Graphics/color driver for pdftex
))
\Gin@req@height=\dimen115
\Gin@req@width=\dimen116
)
(/usr/local/texlive/2019/texmf-dist/tex/latex/xcolor/xcolor.sty
Package: xcolor 2016/05/11 v2.12 LaTeX color extensions (UK)

(/usr/local/texlive/2019/texmf-dist/tex/latex/graphics-cfg/color.cfg
File: color.cfg 2016/01/02 v1.6 sample color configuration
)
Package xcolor Info: Driver file: pdftex.def on input line 225.
Package xcolor Info: Model `cmy' substituted by `cmy0' on input line 1348.
Package xcolor Info: Model `hsb' substituted by `rgb' on input line 1352.
Package xcolor Info: Model `RGB' extended on input line 1364.
Package xcolor Info: Model `HTML' substituted by `rgb' on input line 1366.
Package xcolor Info: Model `Hsb' substituted by `hsb' on input line 1367.
Package xcolor Info: Model `tHsb' substituted by `hsb' on input line 1368.
Package xcolor Info: Model `HSB' substituted by `hsb' on input line 1369.
Package xcolor Info: Model `Gray' substituted by `gray' on input line 1370.
Package xcolor Info: Model `wave' substituted by `hsb' on input line 1371.
)
(/usr/local/texlive/2019/texmf-dist/tex/latex/booktabs/booktabs.sty
Package: booktabs 2016/04/27 v1.618033 publication quality tables
\heavyrulewidth=\dimen117
\lightrulewidth=\dimen118
\cmidrulewidth=\dimen119
\belowrulesep=\dimen120
\belowbottomsep=\dimen121
\aboverulesep=\dimen122
\abovetopsep=\dimen123
\cmidrulesep=\dimen124
\cmidrulekern=\dimen125
\defaultaddspace=\dimen126
\@cmidla=\count105
\@cmidlb=\count106
\@aboverulesep=\dimen127
\@belowrulesep=\dimen128
\@thisruleclass=\count107
\@lastruleclass=\count108
\@thisrulewidth=\dimen129
)
(/usr/local/texlive/2019/texmf-dist/tex/latex/preprint/authblk.sty
Package: authblk 2001/02/27 1.3 (PWD)
\affilsep=\skip49
\@affilsep=\skip50
\c@Maxaffil=\count109
\c@authors=\count110
\c@affil=\count111
)
(/usr/local/texlive/2019/texmf-dist/tex/latex/geometry/geometry.sty
Package: geometry 2018/04/16 v5.8 Page Geometry

(/usr/local/texlive/2019/texmf-dist/tex/generic/oberdiek/ifvtex.sty
Package: ifvtex 2016/05/16 v1.6 Detect VTeX and its facilities (HO)
Package ifvtex Info: VTeX not detected.
)
(/usr/local/texlive/2019/texmf-dist/tex/generic/ifxetex/ifxetex.sty
Package: ifxetex 2010/09/12 v0.6 Provides ifxetex conditional
)
\Gm@cnth=\count112
\Gm@cntv=\count113
\c@Gm@tempcnt=\count114
\Gm@bindingoffset=\dimen130
\Gm@wd@mp=\dimen131
\Gm@odd@mp=\dimen132
\Gm@even@mp=\dimen133
\Gm@layoutwidth=\dimen134
\Gm@layoutheight=\dimen135
\Gm@layouthoffset=\dimen136
\Gm@layoutvoffset=\dimen137
\Gm@dimlist=\toks22
)
(/usr/local/texlive/2019/texmf-dist/tex/latex/caption/caption.sty
Package: caption 2018/10/06 v3.3-154 Customizing captions (AR)

(/usr/local/texlive/2019/texmf-dist/tex/latex/caption/caption3.sty
Package: caption3 2018/09/12 v1.8c caption3 kernel (AR)
Package caption3 Info: TeX engine: e-TeX on input line 64.
\captionmargin=\dimen138
\captionmargin@=\dimen139
\captionwidth=\dimen140
\caption@tempdima=\dimen141
\caption@indent=\dimen142
\caption@parindent=\dimen143
\caption@hangindent=\dimen144
)
\c@caption@flags=\count115
\c@ContinuedFloat=\count116
)
(/usr/local/texlive/2019/texmf-dist/tex/latex/hyperref/hyperref.sty
Package: hyperref 2018/11/30 v6.88e Hypertext links for LaTeX

(/usr/local/texlive/2019/texmf-dist/tex/generic/oberdiek/hobsub-hyperref.sty
Package: hobsub-hyperref 2016/05/16 v1.14 Bundle oberdiek, subset hyperref (HO)


(/usr/local/texlive/2019/texmf-dist/tex/generic/oberdiek/hobsub-generic.sty
Package: hobsub-generic 2016/05/16 v1.14 Bundle oberdiek, subset generic (HO)
Package: hobsub 2016/05/16 v1.14 Construct package bundles (HO)
Package: infwarerr 2016/05/16 v1.4 Providing info/warning/error messages (HO)
Package: ltxcmds 2016/05/16 v1.23 LaTeX kernel commands for general use (HO)
Package: ifluatex 2016/05/16 v1.4 Provides the ifluatex switch (HO)
Package ifluatex Info: LuaTeX not detected.
Package hobsub Info: Skipping package `ifvtex' (already loaded).
Package: intcalc 2016/05/16 v1.2 Expandable calculations with integers (HO)
Package hobsub Info: Skipping package `ifpdf' (already loaded).
Package: etexcmds 2016/05/16 v1.6 Avoid name clashes with e-TeX commands (HO)
Package: kvsetkeys 2016/05/16 v1.17 Key value parser (HO)
Package: kvdefinekeys 2016/05/16 v1.4 Define keys (HO)
Package: pdftexcmds 2018/09/10 v0.29 Utility functions of pdfTeX for LuaTeX (HO
)
Package pdftexcmds Info: LuaTeX not detected.
Package pdftexcmds Info: \pdf@primitive is available.
Package pdftexcmds Info: \pdf@ifprimitive is available.
Package pdftexcmds Info: \pdfdraftmode found.
Package: pdfescape 2016/05/16 v1.14 Implements pdfTeX's escape features (HO)
Package: bigintcalc 2016/05/16 v1.4 Expandable calculations on big integers (HO
)
Package: bitset 2016/05/16 v1.2 Handle bit-vector datatype (HO)
Package: uniquecounter 2016/05/16 v1.3 Provide unlimited unique counter (HO)
)
Package hobsub Info: Skipping package `hobsub' (already loaded).
Package: letltxmacro 2016/05/16 v1.5 Let assignment for LaTeX macros (HO)
Package: hopatch 2016/05/16 v1.3 Wrapper for package hooks (HO)
Package: xcolor-patch 2016/05/16 xcolor patch
Package: atveryend 2016/05/16 v1.9 Hooks at the very end of document (HO)
Package atveryend Info: \enddocument detected (standard20110627).
Package: atbegshi 2016/06/09 v1.18 At begin shipout hook (HO)
Package: refcount 2016/05/16 v3.5 Data extraction from label references (HO)
Package: hycolor 2016/05/16 v1.8 Color options for hyperref/bookmark (HO)
)
(/usr/local/texlive/2019/texmf-dist/tex/latex/oberdiek/auxhook.sty
Package: auxhook 2016/05/16 v1.4 Hooks for auxiliary files (HO)
)
(/usr/local/texlive/2019/texmf-dist/tex/latex/oberdiek/kvoptions.sty
Package: kvoptions 2016/05/16 v3.12 Key value format for package options (HO)
)
\@linkdim=\dimen145
\Hy@linkcounter=\count117
\Hy@pagecounter=\count118

(/usr/local/texlive/2019/texmf-dist/tex/latex/hyperref/pd1enc.def
File: pd1enc.def 2018/11/30 v6.88e Hyperref: PDFDocEncoding definition (HO)
Now handling font encoding PD1 ...
... no UTF-8 mapping file for font encoding PD1
)
\Hy@SavedSpaceFactor=\count119

(/usr/local/texlive/2019/texmf-dist/tex/latex/latexconfig/hyperref.cfg
File: hyperref.cfg 2002/06/06 v1.2 hyperref configuration of TeXLive
)
Package hyperref Info: Option `colorlinks' set `true' on input line 4393.
Package hyperref Info: Hyper figures OFF on input line 4519.
Package hyperref Info: Link nesting OFF on input line 4524.
Package hyperref Info: Hyper index ON on input line 4527.
Package hyperref Info: Plain pages OFF on input line 4534.
Package hyperref Info: Backreferencing OFF on input line 4539.
Package hyperref Info: Implicit mode ON; LaTeX internals redefined.
Package hyperref Info: Bookmarks ON on input line 4772.
\c@Hy@tempcnt=\count120

(/usr/local/texlive/2019/texmf-dist/tex/latex/url/url.sty
\Urlmuskip=\muskip11
Package: url 2013/09/16  ver 3.4  Verb mode for urls, etc.
)
LaTeX Info: Redefining \url on input line 5125.
\XeTeXLinkMargin=\dimen146
\Fld@menulength=\count121
\Field@Width=\dimen147
\Fld@charsize=\dimen148
Package hyperref Info: Hyper figures OFF on input line 6380.
Package hyperref Info: Link nesting OFF on input line 6385.
Package hyperref Info: Hyper index ON on input line 6388.
Package hyperref Info: backreferencing OFF on input line 6395.
Package hyperref Info: Link coloring ON on input line 6398.
Package hyperref Info: Link coloring with OCG OFF on input line 6405.
Package hyperref Info: PDF/A mode OFF on input line 6410.
LaTeX Info: Redefining \ref on input line 6450.
LaTeX Info: Redefining \pageref on input line 6454.
\Hy@abspage=\count122
\c@Item=\count123
\c@Hfootnote=\count124
)
Package hyperref Info: Driver (autodetected): hpdftex.

(/usr/local/texlive/2019/texmf-dist/tex/latex/hyperref/hpdftex.def
File: hpdftex.def 2018/11/30 v6.88e Hyperref driver for pdfTeX
\Fld@listcount=\count125
\c@bookmark@seq@number=\count126

(/usr/local/texlive/2019/texmf-dist/tex/latex/oberdiek/rerunfilecheck.sty
Package: rerunfilecheck 2016/05/16 v1.8 Rerun checks for auxiliary files (HO)
Package uniquecounter Info: New unique counter `rerunfilecheck' on input line 2
82.
)
\Hy@SectionHShift=\skip51
)
(/usr/local/texlive/2019/texmf-dist/tex/latex/cite/cite.sty
LaTeX Info: Redefining \cite on input line 302.
LaTeX Info: Redefining \nocite on input line 332.
Package: cite 2015/02/27  v 5.5
LaTeX Info: Redefining \cite on input line 441.
)
(/usr/local/texlive/2019/texmf-dist/tex/latex/fancyhdr/fancyhdr.sty
Package: fancyhdr 2019/01/31 v3.10 Extensive control of page headers and footer
s
\f@nch@headwidth=\skip52
\f@nch@O@elh=\skip53
\f@nch@O@erh=\skip54
\f@nch@O@olh=\skip55
\f@nch@O@orh=\skip56
\f@nch@O@elf=\skip57
\f@nch@O@erf=\skip58
\f@nch@O@olf=\skip59
\f@nch@O@orf=\skip60
)
(/usr/local/texlive/2019/texmf-dist/tex/latex/lastpage/lastpage.sty
Package: lastpage 2015/03/29 v1.2m Refers to last page's name (HMM; JPG)
)
(/usr/local/texlive/2019/texmf-dist/tex/latex/titlesec/titlesec.sty
Package: titlesec 2016/03/21 v2.10.2 Sectioning titles
\ttl@box=\box29
\beforetitleunit=\skip61
\aftertitleunit=\skip62
\ttl@plus=\dimen149
\ttl@minus=\dimen150
\ttl@toksa=\toks23
\titlewidth=\dimen151
\titlewidthlast=\dimen152
\titlewidthfirst=\dimen153
)
(/usr/local/texlive/2019/texmf-dist/tex/latex/titlesec/ttlkeys.def
File: ttlkeys.def 2016/03/15
)
(/usr/local/texlive/2019/texmf-dist/tex/latex/titlesec/titletoc.sty
Package: titletoc 2011/12/15 v1.6 TOC entries
\ttl@leftsep=\dimen154
)
(/usr/local/texlive/2019/texmf-dist/tex/latex/enumitem/enumitem.sty
Package: enumitem 2019/02/04 v3.8 Customized lists
\labelindent=\skip63
\enit@outerparindent=\dimen155
\enit@toks=\toks24
\enit@inbox=\box30
\enit@count@id=\count127
\enitdp@description=\count128
)
\tocsep=\skip64

(/usr/local/texlive/2019/texmf-dist/tex/latex/lipsum/lipsum.sty
(/usr/local/texlive/2019/texmf-dist/tex/latex/l3kernel/expl3.sty
Package: expl3 2019-05-07 L3 programming layer (loader) 

(/usr/local/texlive/2019/texmf-dist/tex/latex/l3kernel/expl3-code.tex
Package: expl3 2019-05-07 L3 programming layer (code)
\c_max_int=\count129
\l_tmpa_int=\count130
\l_tmpb_int=\count131
\g_tmpa_int=\count132
\g_tmpb_int=\count133
\g__kernel_prg_map_int=\count134
\c__ior_term_ior=\count135
\c_log_iow=\count136
\l_iow_line_count_int=\count137
\l__iow_line_target_int=\count138
\l__iow_one_indent_int=\count139
\l__iow_indent_int=\count140
\c_zero_dim=\dimen156
\c_max_dim=\dimen157
\l_tmpa_dim=\dimen158
\l_tmpb_dim=\dimen159
\g_tmpa_dim=\dimen160
\g_tmpb_dim=\dimen161
\c_zero_skip=\skip65
\c_max_skip=\skip66
\l_tmpa_skip=\skip67
\l_tmpb_skip=\skip68
\g_tmpa_skip=\skip69
\g_tmpb_skip=\skip70
\c_zero_muskip=\muskip12
\c_max_muskip=\muskip13
\l_tmpa_muskip=\muskip14
\l_tmpb_muskip=\muskip15
\g_tmpa_muskip=\muskip16
\g_tmpb_muskip=\muskip17
\l_keys_choice_int=\count141
\l__intarray_loop_int=\count142
\c__intarray_sp_dim=\dimen162
\g__intarray_font_int=\count143
\c__fp_leading_shift_int=\count144
\c__fp_middle_shift_int=\count145
\c__fp_trailing_shift_int=\count146
\c__fp_big_leading_shift_int=\count147
\c__fp_big_middle_shift_int=\count148
\c__fp_big_trailing_shift_int=\count149
\c__fp_Bigg_leading_shift_int=\count150
\c__fp_Bigg_middle_shift_int=\count151
\c__fp_Bigg_trailing_shift_int=\count152
\c__kernel_randint_max_int=\count153
\g__fp_array_int=\count154
\l__fp_array_loop_int=\count155
\l__sort_length_int=\count156
\l__sort_min_int=\count157
\l__sort_top_int=\count158
\l__sort_max_int=\count159
\l__sort_true_max_int=\count160
\l__sort_block_int=\count161
\l__sort_begin_int=\count162
\l__sort_end_int=\count163
\l__sort_A_int=\count164
\l__sort_B_int=\count165
\l__sort_C_int=\count166
\l__tl_analysis_normal_int=\count167
\l__tl_analysis_index_int=\count168
\l__tl_analysis_nesting_int=\count169
\l__tl_analysis_type_int=\count170
\l__regex_internal_a_int=\count171
\l__regex_internal_b_int=\count172
\l__regex_internal_c_int=\count173
\l__regex_balance_int=\count174
\l__regex_group_level_int=\count175
\l__regex_mode_int=\count176
\c__regex_cs_in_class_mode_int=\count177
\c__regex_cs_mode_int=\count178
\l__regex_catcodes_int=\count179
\l__regex_default_catcodes_int=\count180
\c__regex_catcode_D_int=\count181
\c__regex_catcode_S_int=\count182
\c__regex_catcode_L_int=\count183
\c__regex_catcode_O_int=\count184
\c__regex_catcode_A_int=\count185
\c__regex_all_catcodes_int=\count186
\l__regex_show_lines_int=\count187
\l__regex_min_state_int=\count188
\l__regex_max_state_int=\count189
\l__regex_left_state_int=\count190
\l__regex_right_state_int=\count191
\l__regex_capturing_group_int=\count192
\l__regex_min_pos_int=\count193
\l__regex_max_pos_int=\count194
\l__regex_curr_pos_int=\count195
\l__regex_start_pos_int=\count196
\l__regex_success_pos_int=\count197
\l__regex_curr_char_int=\count198
\l__regex_curr_catcode_int=\count199
\l__regex_last_char_int=\count266
\l__regex_case_changed_char_int=\count267
\l__regex_curr_state_int=\count268
\l__regex_step_int=\count269
\l__regex_min_active_int=\count270
\l__regex_max_active_int=\count271
\l__regex_replacement_csnames_int=\count272
\l__regex_match_count_int=\count273
\l__regex_min_submatch_int=\count274
\l__regex_submatch_int=\count275
\l__regex_zeroth_submatch_int=\count276
\g__regex_trace_regex_int=\count277
\c_empty_box=\box31
\l_tmpa_box=\box32
\l_tmpb_box=\box33
\g_tmpa_box=\box34
\g_tmpb_box=\box35
\l__box_top_dim=\dimen163
\l__box_bottom_dim=\dimen164
\l__box_left_dim=\dimen165
\l__box_right_dim=\dimen166
\l__box_top_new_dim=\dimen167
\l__box_bottom_new_dim=\dimen168
\l__box_left_new_dim=\dimen169
\l__box_right_new_dim=\dimen170
\l__box_internal_box=\box36
\l__coffin_internal_box=\box37
\l__coffin_internal_dim=\dimen171
\l__coffin_offset_x_dim=\dimen172
\l__coffin_offset_y_dim=\dimen173
\l__coffin_x_dim=\dimen174
\l__coffin_y_dim=\dimen175
\l__coffin_x_prime_dim=\dimen176
\l__coffin_y_prime_dim=\dimen177
\c_empty_coffin=\box38
\l__coffin_aligned_coffin=\box39
\l__coffin_aligned_internal_coffin=\box40
\l_tmpa_coffin=\box41
\l_tmpb_coffin=\box42
\g_tmpa_coffin=\box43
\g_tmpb_coffin=\box44
\l__coffin_bounding_shift_dim=\dimen178
\l__coffin_left_corner_dim=\dimen179
\l__coffin_right_corner_dim=\dimen180
\l__coffin_bottom_corner_dim=\dimen181
\l__coffin_top_corner_dim=\dimen182
\l__coffin_scaled_total_height_dim=\dimen183
\l__coffin_scaled_width_dim=\dimen184
\c__coffin_empty_coffin=\box45
\l__coffin_display_coffin=\box46
\l__coffin_display_coord_coffin=\box47
\l__coffin_display_pole_coffin=\box48
\l__coffin_display_offset_dim=\dimen185
\l__coffin_display_x_dim=\dimen186
\l__coffin_display_y_dim=\dimen187
\g__file_internal_ior=\read1
\l__seq_internal_a_int=\count278
\l__seq_internal_b_int=\count279
\c__deprecation_minus_one=\count280
)
(/usr/local/texlive/2019/texmf-dist/tex/latex/l3kernel/l3pdfmode.def
File: l3pdfmode.def 2019-04-06 v L3 Experimental driver: PDF mode
\l__driver_color_stack_int=\count281
\l__driver_pdf_tmp_box=\box49
))
(/usr/local/texlive/2019/texmf-dist/tex/latex/l3packages/xparse/xparse.sty
Package: xparse 2019-05-03 L3 Experimental document command parser
\l__xparse_current_arg_int=\count282
\g__xparse_grabber_int=\count283
\l__xparse_m_args_int=\count284
\l__xparse_v_nesting_int=\count285
)
Package: lipsum 2019/01/02 v2.2 150 paragraphs of Lorem Ipsum dummy text

(/usr/local/texlive/2019/texmf-dist/tex/latex/lipsum/lipsum.ltd.tex
File: lipsum.ltd.tex 2019/01/02 v2.2 The Lorem ipsum dummy text
)))
(./jabbrv.sty
Package: jabbrv 2010/08/18 v0.2 Automatic Journal Title Abbreviation Package
\temp@journal@text=\toks25
\temp@journal@text@=\toks26
\c@jabbrv@strlen@count=\count286
\c@jabbrv@gobble@temp=\count287
\c@jabbrv@loop@i=\count288
\c@jabbrv@loop@max=\count289
\c@jabbrv@word@count=\count290
 (./jabbrv-ltwa-all.ldf) (./jabbrv-ltwa-en.ldf))
(/usr/local/texlive/2019/texmf-dist/tex/latex/microtype/microtype.sty
Package: microtype 2019/02/28 v2.7b Micro-typographical refinements (RS)
\MT@toks=\toks27
\MT@count=\count291
LaTeX Info: Redefining \textls on input line 790.
\MT@outer@kern=\dimen188
LaTeX Info: Redefining \textmicrotypecontext on input line 1336.
\MT@listname@count=\count292

(/usr/local/texlive/2019/texmf-dist/tex/latex/microtype/microtype-pdftex.def
File: microtype-pdftex.def 2019/02/28 v2.7b Definitions specific to pdftex (RS)

LaTeX Info: Redefining \lsstyle on input line 914.
LaTeX Info: Redefining \lslig on input line 914.
\MT@outer@space=\skip71
)
Package microtype Info: Loading configuration file microtype.cfg.

(/usr/local/texlive/2019/texmf-dist/tex/latex/microtype/microtype.cfg
File: microtype.cfg 2019/02/28 v2.7b microtype main configuration file (RS)
))
(/usr/local/texlive/2019/texmf-dist/tex/latex/base/fontenc.sty
Package: fontenc 2018/08/11 v2.0j Standard LaTeX package

(/usr/local/texlive/2019/texmf-dist/tex/latex/base/t1enc.def
File: t1enc.def 2018/08/11 v2.0j Standard LaTeX file
LaTeX Font Info:    Redeclaring font encoding T1 on input line 48.
))
(/usr/local/texlive/2019/texmf-dist/tex/latex/supertabular/supertabular.sty
Package: supertabular 2004/02/20 v4.1e the supertabular environment
\c@tracingst=\count293
\ST@wd=\dimen189
\ST@rightskip=\skip72
\ST@leftskip=\skip73
\ST@parfillskip=\skip74
\ST@pageleft=\dimen190
\ST@headht=\dimen191
\ST@tailht=\dimen192
\ST@pagesofar=\dimen193
\ST@pboxht=\dimen194
\ST@lineht=\dimen195
\ST@stretchht=\dimen196
\ST@prevht=\dimen197
\ST@toadd=\dimen198
\ST@dimen=\dimen199
\ST@pbox=\box50
)
(/usr/local/texlive/2019/texmf-dist/tex/latex/graphics/lscape.sty
Package: lscape 2000/10/22 v3.01 Landscape Pages (DPC)
)
(/usr/local/texlive/2019/texmf-dist/tex/latex/multirow/multirow.sty
Package: multirow 2019/01/01 v2.4 Span multiple rows of a table
\multirow@colwidth=\skip75
\multirow@cntb=\count294
\multirow@dima=\skip76
\bigstrutjot=\dimen256
)
(/usr/local/texlive/2019/texmf-dist/tex/latex/tools/tabularx.sty
Package: tabularx 2016/02/03 v2.11b `tabularx' package (DPC)

(/usr/local/texlive/2019/texmf-dist/tex/latex/tools/array.sty
Package: array 2018/12/30 v2.4k Tabular extension package (FMi)
\col@sep=\dimen257
\ar@mcellbox=\box51
\extrarowheight=\dimen258
\NC@list=\toks28
\extratabsurround=\skip77
\backup@length=\skip78
\ar@cellbox=\box52
)
\TX@col@width=\dimen259
\TX@old@table=\dimen260
\TX@old@col=\dimen261
\TX@target=\dimen262
\TX@delta=\dimen263
\TX@cols=\count295
\TX@ftn=\toks29
)
(/usr/local/texlive/2019/texmf-dist/tex/latex/graphics/rotating.sty
Package: rotating 2016/08/11 v2.16d rotated objects in LaTeX
\c@r@tfl@t=\count296
\rotFPtop=\skip79
\rotFPbot=\skip80
\rot@float@box=\box53
\rot@mess@toks=\toks30
)
(/usr/local/texlive/2019/texmf-dist/tex/latex/adjustbox/adjustbox.sty
Package: adjustbox 2019/01/04 v1.2 Adjusting TeX boxes (trim, clip, ...)

(/usr/local/texlive/2019/texmf-dist/tex/latex/xkeyval/xkeyval.sty
Package: xkeyval 2014/12/03 v2.7a package option processing (HA)

(/usr/local/texlive/2019/texmf-dist/tex/generic/xkeyval/xkeyval.tex
(/usr/local/texlive/2019/texmf-dist/tex/generic/xkeyval/xkvutils.tex
\XKV@toks=\toks31
\XKV@tempa@toks=\toks32
)
\XKV@depth=\count297
File: xkeyval.tex 2014/12/03 v2.7a key=value parser (HA)
))
(/usr/local/texlive/2019/texmf-dist/tex/latex/adjustbox/adjcalc.sty
Package: adjcalc 2012/05/16 v1.1 Provides advanced setlength with multiple back
-ends (calc, etex, pgfmath)
)
(/usr/local/texlive/2019/texmf-dist/tex/latex/adjustbox/trimclip.sty
Package: trimclip 2018/04/08 v1.1 Trim and clip general TeX material

(/usr/local/texlive/2019/texmf-dist/tex/latex/collectbox/collectbox.sty
Package: collectbox 2012/05/17 v0.4b Collect macro arguments as boxes
\collectedbox=\box54
)
\tc@llx=\dimen264
\tc@lly=\dimen265
\tc@urx=\dimen266
\tc@ury=\dimen267
Package trimclip Info: Using driver 'tc-pdftex.def'.

(/usr/local/texlive/2019/texmf-dist/tex/latex/adjustbox/tc-pdftex.def
File: tc-pdftex.def 2019/01/04 v2.2 Clipping driver for pdftex
))
\adjbox@Width=\dimen268
\adjbox@Height=\dimen269
\adjbox@Depth=\dimen270
\adjbox@Totalheight=\dimen271
\adjbox@pwidth=\dimen272
\adjbox@pheight=\dimen273
\adjbox@pdepth=\dimen274
\adjbox@ptotalheight=\dimen275

(/usr/local/texlive/2019/texmf-dist/tex/latex/ifoddpage/ifoddpage.sty
Package: ifoddpage 2016/04/23 v1.1 Conditionals for odd/even page detection
\c@checkoddpage=\count298
)
(/usr/local/texlive/2019/texmf-dist/tex/latex/varwidth/varwidth.sty
Package: varwidth 2009/03/30 ver 0.92;  Variable-width minipages
\@vwid@box=\box55
\sift@deathcycles=\count299
\@vwid@loff=\dimen276
\@vwid@roff=\dimen277
))
(/usr/local/texlive/2019/texmf-dist/tex/latex/csquotes/csquotes.sty
Package: csquotes 2018/04/13 v5.2d context-sensitive quotations (JAW)

(/usr/local/texlive/2019/texmf-dist/tex/latex/etoolbox/etoolbox.sty
Package: etoolbox 2018/08/19 v2.5f e-TeX tools for LaTeX (JAW)
\etb@tempcnta=\count300
)
\csq@reset=\count301
\csq@gtype=\count302
\csq@glevel=\count303
\csq@qlevel=\count304
\csq@maxlvl=\count305
\csq@tshold=\count306
\csq@ltx@everypar=\toks33

(/usr/local/texlive/2019/texmf-dist/tex/latex/csquotes/csquotes.def
File: csquotes.def 2018/04/13 v5.2d csquotes generic definitions (JAW)
)
Package csquotes Info: Trying to load configuration file 'csquotes.cfg'...
Package csquotes Info: ... configuration file loaded successfully.

(/usr/local/texlive/2019/texmf-dist/tex/latex/csquotes/csquotes.cfg
File: csquotes.cfg 
))
Package csquotes Info: Checking for multilingual support...
Package csquotes Info: ... found 'babel' package.
Package csquotes Info: Adjusting default style.
Package csquotes Info: Redefining alias 'default' -> 'english'.

No file main.aux.
\openout1 = `main.aux'.

LaTeX Font Info:    Checking defaults for OML/cmm/m/it on input line 32.
LaTeX Font Info:    ... okay on input line 32.
LaTeX Font Info:    Checking defaults for T1/cmr/m/n on input line 32.
LaTeX Font Info:    ... okay on input line 32.
LaTeX Font Info:    Checking defaults for OT1/cmr/m/n on input line 32.
LaTeX Font Info:    ... okay on input line 32.
LaTeX Font Info:    Checking defaults for OMS/cmsy/m/n on input line 32.
LaTeX Font Info:    ... okay on input line 32.
LaTeX Font Info:    Checking defaults for OMX/cmex/m/n on input line 32.
LaTeX Font Info:    ... okay on input line 32.
LaTeX Font Info:    Checking defaults for U/cmr/m/n on input line 32.
LaTeX Font Info:    ... okay on input line 32.
LaTeX Font Info:    Checking defaults for PD1/pdf/m/n on input line 32.
LaTeX Font Info:    ... okay on input line 32.
LaTeX Font Info:    Try loading font information for T1+ptm on input line 32.
(/usr/local/texlive/2019/texmf-dist/tex/latex/psnfss/t1ptm.fd
File: t1ptm.fd 2001/06/04 font definitions for T1/ptm.
)
(/usr/local/texlive/2019/texmf-dist/tex/context/base/mkii/supp-pdf.mkii
[Loading MPS to PDF converter (version 2006.09.02).]
\scratchcounter=\count307
\scratchdimen=\dimen278
\scratchbox=\box56
\nofMPsegments=\count308
\nofMParguments=\count309
\everyMPshowfont=\toks34
\MPscratchCnt=\count310
\MPscratchDim=\dimen279
\MPnumerator=\count311
\makeMPintoPDFobject=\count312
\everyMPtoPDFconversion=\toks35
) (/usr/local/texlive/2019/texmf-dist/tex/latex/oberdiek/epstopdf-base.sty
Package: epstopdf-base 2016/05/15 v2.6 Base part for package epstopdf

(/usr/local/texlive/2019/texmf-dist/tex/latex/oberdiek/grfext.sty
Package: grfext 2016/05/16 v1.2 Manage graphics extensions (HO)
)
Package epstopdf-base Info: Redefining graphics rule for `.eps' on input line 4
38.
Package grfext Info: Graphics extension search list:
(grfext)             [.pdf,.png,.jpg,.mps,.jpeg,.jbig2,.jb2,.PDF,.PNG,.JPG,.JPE
G,.JBIG2,.JB2,.eps]
(grfext)             \AppendGraphicsExtensions on input line 456.

(/usr/local/texlive/2019/texmf-dist/tex/latex/latexconfig/epstopdf-sys.cfg
File: epstopdf-sys.cfg 2010/07/13 v1.3 Configuration of (r)epstopdf for TeX Liv
e
))
*geometry* driver: auto-detecting
*geometry* detected driver: pdftex
*geometry* verbose mode - [ preamble ] result:
* driver: pdftex
* paper: letterpaper
* layout: <same size as paper>
* layoutoffset:(h,v)=(0.0pt,0.0pt)
* modes: 
* h-part:(L,W,R)=(56.9055pt, 500.484pt, 56.9055pt)
* v-part:(T,H,B)=(64.01869pt, 666.9326pt, 64.01869pt)
* \paperwidth=614.295pt
* \paperheight=794.96999pt
* \textwidth=500.484pt
* \textheight=666.9326pt
* \oddsidemargin=-15.36449pt
* \evensidemargin=-15.36449pt
* \topmargin=-45.2513pt
* \headheight=12.0pt
* \headsep=25.0pt
* \topskip=11.0pt
* \footskip=30.0pt
* \marginparwidth=59.0pt
* \marginparsep=10.0pt
* \columnsep=15.6491pt
* \skip\footins=10.0pt plus 4.0pt minus 2.0pt
* \hoffset=0.0pt
* \voffset=0.0pt
* \mag=1000
* \@twocolumnfalse
* \@twosidefalse
* \@mparswitchfalse
* \@reversemarginfalse
* (1in=72.27pt=25.4mm, 1cm=28.453pt)

Package caption Info: Begin \AtBeginDocument code.
Package caption Info: hyperref package is loaded.
Package caption Info: rotating package is loaded.
Package caption Info: supertabular package is loaded.
Package caption Info: End \AtBeginDocument code.
\AtBeginShipoutBox=\box57
Package hyperref Info: Link coloring ON on input line 32.
(/usr/local/texlive/2019/texmf-dist/tex/latex/hyperref/nameref.sty
Package: nameref 2016/05/21 v2.44 Cross-referencing by name of section

(/usr/local/texlive/2019/texmf-dist/tex/generic/oberdiek/gettitlestring.sty
Package: gettitlestring 2016/05/16 v1.5 Cleanup title references (HO)
)
\c@section@level=\count313
)
LaTeX Info: Redefining \ref on input line 32.
LaTeX Info: Redefining \pageref on input line 32.
LaTeX Info: Redefining \nameref on input line 32.
\@outlinefile=\write3
\openout3 = `main.out'.

Package lastpage Info: Please have a look at the pageslts package at
(lastpage)             https://www.ctan.org/pkg/pageslts
(lastpage)             ! on input line 32.
LaTeX Info: Redefining \microtypecontext on input line 32.
Package microtype Info: Generating PDF output.
Package microtype Info: Character protrusion enabled (level 2).
Package microtype Info: Using default protrusion set `alltext'.
Package microtype Info: Automatic font expansion enabled (level 2),
(microtype)             stretch: 20, shrink: 20, step: 1, non-selected.
Package microtype Info: Using default expansion set `basictext'.
Package microtype Info: No adjustment of tracking.
Package microtype Info: No adjustment of interword spacing.
Package microtype Info: No adjustment of character kerning.

(/usr/local/texlive/2019/texmf-dist/tex/latex/microtype/mt-ptm.cfg
File: mt-ptm.cfg 2006/04/20 v1.7 microtype config. file: Times (RS)
)
LaTeX Font Info:    Try loading font information for T1+phv on input line 36.

(/usr/local/texlive/2019/texmf-dist/tex/latex/psnfss/t1phv.fd
File: t1phv.fd 2001/06/04 scalable font definitions for T1/phv.
)
Package microtype Info: Loading generic protrusion settings for font family
(microtype)             `phv' (encoding: T1).
(microtype)             For optimal results, create family-specific settings.
(microtype)             See the microtype manual for details.
LaTeX Font Info:    Font shape `T1/phv/bx/n' in size <10.95> not available
(Font)              Font shape `T1/phv/b/n' tried instead on input line 36.
LaTeX Font Info:    Font shape `T1/phv/bx/n' in size <20> not available
(Font)              Font shape `T1/phv/b/n' tried instead on input line 36.
LaTeX Font Info:    Try loading font information for OT1+phv on input line 36.

(/usr/local/texlive/2019/texmf-dist/tex/latex/psnfss/ot1phv.fd
File: ot1phv.fd 2001/06/04 scalable font definitions for OT1/phv.
)
Package microtype Info: Loading generic protrusion settings for font family
(microtype)             `phv' (encoding: OT1).
(microtype)             For optimal results, create family-specific settings.
(microtype)             See the microtype manual for details.
LaTeX Font Info:    Try loading font information for OT1+ztmcm on input line 36
.

(/usr/local/texlive/2019/texmf-dist/tex/latex/psnfss/ot1ztmcm.fd
File: ot1ztmcm.fd 2000/01/03 Fontinst v1.801 font definitions for OT1/ztmcm.
)
Package microtype Info: Loading generic protrusion settings for font family
(microtype)             `ztmcm' (encoding: OT1).
(microtype)             For optimal results, create family-specific settings.
(microtype)             See the microtype manual for details.
LaTeX Font Info:    Try loading font information for OML+ztmcm on input line 36
.

(/usr/local/texlive/2019/texmf-dist/tex/latex/psnfss/omlztmcm.fd
File: omlztmcm.fd 2000/01/03 Fontinst v1.801 font definitions for OML/ztmcm.
)
LaTeX Font Info:    Try loading font information for OMS+ztmcm on input line 36
.

(/usr/local/texlive/2019/texmf-dist/tex/latex/psnfss/omsztmcm.fd
File: omsztmcm.fd 2000/01/03 Fontinst v1.801 font definitions for OMS/ztmcm.
)
LaTeX Font Info:    Try loading font information for OMX+ztmcm on input line 36
.

(/usr/local/texlive/2019/texmf-dist/tex/latex/psnfss/omxztmcm.fd
File: omxztmcm.fd 2000/01/03 Fontinst v1.801 font definitions for OMX/ztmcm.
)
LaTeX Font Info:    Try loading font information for OT1+ptm on input line 36.

(/usr/local/texlive/2019/texmf-dist/tex/latex/psnfss/ot1ptm.fd
File: ot1ptm.fd 2001/06/04 font definitions for OT1/ptm.
)
LaTeX Font Info:    Font shape `OT1/ptm/bx/n' in size <12> not available
(Font)              Font shape `OT1/ptm/b/n' tried instead on input line 36.
LaTeX Font Info:    Font shape `OT1/ptm/bx/n' in size <9> not available
(Font)              Font shape `OT1/ptm/b/n' tried instead on input line 36.
LaTeX Font Info:    Font shape `OT1/ptm/bx/n' in size <7> not available
(Font)              Font shape `OT1/ptm/b/n' tried instead on input line 36.

(/usr/local/texlive/2019/texmf-dist/tex/latex/microtype/mt-msa.cfg
File: mt-msa.cfg 2006/02/04 v1.1 microtype config. file: AMS symbols (a) (RS)
)
(/usr/local/texlive/2019/texmf-dist/tex/latex/microtype/mt-msb.cfg
File: mt-msb.cfg 2005/06/01 v1.0 microtype config. file: AMS symbols (b) (RS)
)
LaTeX Font Info:    Font shape `OT1/ptm/bx/n' in size <10> not available
(Font)              Font shape `OT1/ptm/b/n' tried instead on input line 36.
LaTeX Font Info:    Font shape `OT1/ptm/bx/n' in size <7.4> not available
(Font)              Font shape `OT1/ptm/b/n' tried instead on input line 36.
LaTeX Font Info:    Font shape `OT1/ptm/bx/n' in size <6> not available
(Font)              Font shape `OT1/ptm/b/n' tried instead on input line 36.
LaTeX Font Info:    Font shape `T1/phv/bx/n' in size <12> not available
(Font)              Font shape `T1/phv/b/n' tried instead on input line 36.
LaTeX Font Info:    Font shape `OT1/ptm/bx/n' in size <10.95> not available
(Font)              Font shape `OT1/ptm/b/n' tried instead on input line 36.
LaTeX Font Info:    Font shape `OT1/ptm/bx/n' in size <8> not available
(Font)              Font shape `OT1/ptm/b/n' tried instead on input line 36.
LaTeX Font Info:    Font shape `T1/phv/bx/n' in size <10> not available
(Font)              Font shape `T1/phv/b/n' tried instead on input line 36.

./main.tex:36: Undefined control sequence.
<recently read> \theabstract 
                             
l.36 
     
? 

Underfull \hbox (badness 10000) in paragraph at lines 36--36

 []

[1

{/usr/local/texlive/2019/texmf-var/fonts/map/pdftex/updmap/pdftex.map}]
LaTeX Font Info:    Font shape `T1/ptm/bx/n' in size <10.95> not available
(Font)              Font shape `T1/ptm/b/n' tried instead on input line 40.
LaTeX Font Info:    Font shape `T1/ptm/bx/it' in size <10.95> not available
(Font)              Font shape `T1/ptm/b/it' tried instead on input line 40.

[2] [3] [4] [5] [6]
Underfull \vbox (badness 10000) has occurred while \output is active []

 [7]
Underfull \vbox (badness 6625) has occurred while \output is active []

 [8]
[9] [10] [11] [12]
LaTeX Font Info:    Try loading font information for T1+pcr on input line 416.

(/usr/local/texlive/2019/texmf-dist/tex/latex/psnfss/t1pcr.fd
File: t1pcr.fd 2001/06/04 font definitions for T1/pcr.
)
Package microtype Info: Loading generic protrusion settings for font family
(microtype)             `pcr' (encoding: T1).
(microtype)             For optimal results, create family-specific settings.
(microtype)             See the microtype manual for details.
 [13] [14]
[15] [16]
Overfull \hbox (13.36797pt too wide) in paragraph at lines 595--598
[]\T1/ptm/m/n/10.95 (-20) [34] Hussey I, et al. At-ti-tudes, Iden-ti-ties, and 
In-di-vid-ual dif-fer-ences (AIID) Study.  https://doi.org/https://osf.io/pcjwf
/
 []

[17]
Underfull \hbox (badness 10000) in paragraph at lines 659--660

 []

[18]
Underfull \hbox (badness 10000) in paragraph at lines 679--680

 []

[19]
LaTeX Font Info:    Font shape `OT1/ptm/bx/n' in size <5> not available
(Font)              Font shape `OT1/ptm/b/n' tried instead on input line 695.

Underfull \hbox (badness 10000) in paragraph at lines 696--696
[]|\T1/ptm/m/n/6 Explicit
 []


Underfull \hbox (badness 10000) in paragraph at lines 696--696
\T1/ptm/m/n/6 Male-Career
 []


Underfull \hbox (badness 10000) in paragraph at lines 696--696
[]|\T1/ptm/m/n/6 Implicit
 []


Underfull \hbox (badness 10000) in paragraph at lines 696--696
\T1/ptm/m/n/6 Male-Career
 []


Underfull \hbox (badness 10000) in paragraph at lines 696--696
[]|\T1/ptm/m/n/6 Percent
 []


Underfull \hbox (badness 10000) in paragraph at lines 696--696
\T1/ptm/m/n/6 Women in
 []


Underfull \hbox (badness 10000) in paragraph at lines 696--696
\T1/ptm/m/n/6 Career
 []


Underfull \hbox (badness 10000) in paragraph at lines 696--696
\T1/ptm/m/n/6 As-soc.
 []


Underfull \hbox (badness 10000) in paragraph at lines 696--696
\T1/ptm/m/n/6 Career
 []


Underfull \hbox (badness 10000) in paragraph at lines 696--696
\T1/ptm/m/n/6 As-soc.
 []


Underfull \hbox (badness 3039) in paragraph at lines 696--696
\T1/ptm/m/n/6 dered Oc-cu-
 []


Underfull \hbox (badness 2237) in paragraph at lines 696--696
[]|\T1/ptm/m/n/6 Lang. Oc-
 []


Underfull \hbox (badness 2237) in paragraph at lines 696--697
[]|\T1/ptm/m/n/6 Lang. Oc-
 []


Underfull \hbox (badness 10000) in paragraph at lines 698--698
[]|$\OT1/ztmcm/m/n/6 0\OML/ztmcm/m/it/6 :\OT1/ztmcm/m/n/6 18$
 []


Overfull \hbox (1.09001pt too wide) in paragraph at lines 698--698
\OT1/ztmcm/m/n/6 [\OMS/ztmcm/m/n/6 ^^@\OT1/ztmcm/m/n/6 0\OML/ztmcm/m/it/6 :\OT1
/ztmcm/m/n/6 23\OML/ztmcm/m/it/6 ; \OT1/ztmcm/m/n/6 0\OML/ztmcm/m/it/6 :\OT1/zt
mcm/m/n/6 54]$\T1/ptm/m/n/6 ,
 []


Underfull \hbox (badness 10000) in paragraph at lines 701--701
[]|$\OT1/ztmcm/m/n/6 0\OML/ztmcm/m/it/6 :\OT1/ztmcm/m/n/6 18$
 []


Overfull \hbox (1.09001pt too wide) in paragraph at lines 701--701
\OT1/ztmcm/m/n/6 [\OMS/ztmcm/m/n/6 ^^@\OT1/ztmcm/m/n/6 0\OML/ztmcm/m/it/6 :\OT1
/ztmcm/m/n/6 26\OML/ztmcm/m/it/6 ; \OT1/ztmcm/m/n/6 0\OML/ztmcm/m/it/6 :\OT1/zt
mcm/m/n/6 56]$\T1/ptm/m/n/6 ,
 []


Underfull \hbox (badness 10000) in paragraph at lines 701--701
[]|$\OMS/ztmcm/m/n/6 ^^@\OT1/ztmcm/m/n/6 0\OML/ztmcm/m/it/6 :\OT1/ztmcm/m/n/6 5
3$
 []


Overfull \hbox (5.75194pt too wide) in paragraph at lines 701--701
\OT1/ztmcm/m/n/6 [\OMS/ztmcm/m/n/6 ^^@\OT1/ztmcm/m/n/6 0\OML/ztmcm/m/it/6 :\OT1
/ztmcm/m/n/6 78\OML/ztmcm/m/it/6 ; \OMS/ztmcm/m/n/6 ^^@\OT1/ztmcm/m/n/6 0\OML/z
tmcm/m/it/6 :\OT1/ztmcm/m/n/6 14]$\T1/ptm/m/n/6 ,
 []


Underfull \hbox (badness 10000) in paragraph at lines 704--704
[]|$\OMS/ztmcm/m/n/6 ^^@\OT1/ztmcm/m/n/6 0\OML/ztmcm/m/it/6 :\OT1/ztmcm/m/n/6 0
8$
 []


Underfull \hbox (badness 10000) in paragraph at lines 704--704
\OT1/ztmcm/m/n/6 [\OMS/ztmcm/m/n/6 ^^@\OT1/ztmcm/m/n/6 0\OML/ztmcm/m/it/6 :\OT1
/ztmcm/m/n/6 5\OML/ztmcm/m/it/6 ; \OT1/ztmcm/m/n/6 0\OML/ztmcm/m/it/6 :\OT1/ztm
cm/m/n/6 38]$\T1/ptm/m/n/6 ,
 []


Underfull \hbox (badness 10000) in paragraph at lines 704--704
[]|$\OT1/ztmcm/m/n/6 0\OML/ztmcm/m/it/6 :\OT1/ztmcm/m/n/6 5$
 []


Underfull \hbox (badness 10000) in paragraph at lines 704--704
\OT1/ztmcm/m/n/6 [0\OML/ztmcm/m/it/6 :\OT1/ztmcm/m/n/6 08\OML/ztmcm/m/it/6 ; \O
T1/ztmcm/m/n/6 0\OML/ztmcm/m/it/6 :\OT1/ztmcm/m/n/6 77]$\T1/ptm/m/n/6 ,
 []


Underfull \hbox (badness 10000) in paragraph at lines 704--704
[]|$\OMS/ztmcm/m/n/6 ^^@\OT1/ztmcm/m/n/6 0\OML/ztmcm/m/it/6 :\OT1/ztmcm/m/n/6 5
5$
 []


Overfull \hbox (5.75194pt too wide) in paragraph at lines 704--704
\OT1/ztmcm/m/n/6 [\OMS/ztmcm/m/n/6 ^^@\OT1/ztmcm/m/n/6 0\OML/ztmcm/m/it/6 :\OT1
/ztmcm/m/n/6 81\OML/ztmcm/m/it/6 ; \OMS/ztmcm/m/n/6 ^^@\OT1/ztmcm/m/n/6 0\OML/z
tmcm/m/it/6 :\OT1/ztmcm/m/n/6 11]$\T1/ptm/m/n/6 ,
 []


Underfull \hbox (badness 10000) in paragraph at lines 707--707
[]|$\OT1/ztmcm/m/n/6 0\OML/ztmcm/m/it/6 :\OT1/ztmcm/m/n/6 34$
 []


Overfull \hbox (1.09001pt too wide) in paragraph at lines 707--707
\OT1/ztmcm/m/n/6 [\OMS/ztmcm/m/n/6 ^^@\OT1/ztmcm/m/n/6 0\OML/ztmcm/m/it/6 :\OT1
/ztmcm/m/n/6 06\OML/ztmcm/m/it/6 ; \OT1/ztmcm/m/n/6 0\OML/ztmcm/m/it/6 :\OT1/zt
mcm/m/n/6 65]$\T1/ptm/m/n/6 ,
 []


Underfull \hbox (badness 10000) in paragraph at lines 707--707
[]|$\OT1/ztmcm/m/n/6 0\OML/ztmcm/m/it/6 :\OT1/ztmcm/m/n/6 48$
 []


Underfull \hbox (badness 10000) in paragraph at lines 707--707
\OT1/ztmcm/m/n/6 [0\OML/ztmcm/m/it/6 :\OT1/ztmcm/m/n/6 11\OML/ztmcm/m/it/6 ; \O
T1/ztmcm/m/n/6 0\OML/ztmcm/m/it/6 :\OT1/ztmcm/m/n/6 74]$\T1/ptm/m/n/6 ,
 []


Underfull \hbox (badness 10000) in paragraph at lines 707--707
[]|$\OMS/ztmcm/m/n/6 ^^@\OT1/ztmcm/m/n/6 0\OML/ztmcm/m/it/6 :\OT1/ztmcm/m/n/6 1
9$
 []


Overfull \hbox (1.09001pt too wide) in paragraph at lines 707--707
\OT1/ztmcm/m/n/6 [\OMS/ztmcm/m/n/6 ^^@\OT1/ztmcm/m/n/6 0\OML/ztmcm/m/it/6 :\OT1
/ztmcm/m/n/6 57\OML/ztmcm/m/it/6 ; \OT1/ztmcm/m/n/6 0\OML/ztmcm/m/it/6 :\OT1/zt
mcm/m/n/6 25]$\T1/ptm/m/n/6 ,
 []


Underfull \hbox (badness 10000) in paragraph at lines 707--707
[]|$\OT1/ztmcm/m/n/6 0\OML/ztmcm/m/it/6 :\OT1/ztmcm/m/n/6 51$
 []


Underfull \hbox (badness 10000) in paragraph at lines 707--707
\OT1/ztmcm/m/n/6 [0\OML/ztmcm/m/it/6 :\OT1/ztmcm/m/n/6 09\OML/ztmcm/m/it/6 ; \O
T1/ztmcm/m/n/6 0\OML/ztmcm/m/it/6 :\OT1/ztmcm/m/n/6 78]$\T1/ptm/m/n/6 ,
 []


Underfull \hbox (badness 10000) in paragraph at lines 710--710
[]|$\OT1/ztmcm/m/n/6 0\OML/ztmcm/m/it/6 :\OT1/ztmcm/m/n/6 11$
 []


Underfull \hbox (badness 10000) in paragraph at lines 710--710
\OT1/ztmcm/m/n/6 [\OMS/ztmcm/m/n/6 ^^@\OT1/ztmcm/m/n/6 0\OML/ztmcm/m/it/6 :\OT1
/ztmcm/m/n/6 3\OML/ztmcm/m/it/6 ; \OT1/ztmcm/m/n/6 0\OML/ztmcm/m/it/6 :\OT1/ztm
cm/m/n/6 48]$\T1/ptm/m/n/6 ,
 []


Underfull \hbox (badness 10000) in paragraph at lines 710--710
[]|$\OT1/ztmcm/m/n/6 0\OML/ztmcm/m/it/6 :\OT1/ztmcm/m/n/6 57$
 []


Underfull \hbox (badness 10000) in paragraph at lines 710--710
\OT1/ztmcm/m/n/6 [0\OML/ztmcm/m/it/6 :\OT1/ztmcm/m/n/6 22\OML/ztmcm/m/it/6 ; \O
T1/ztmcm/m/n/6 0\OML/ztmcm/m/it/6 :\OT1/ztmcm/m/n/6 79]$\T1/ptm/m/n/6 ,
 []


Underfull \hbox (badness 10000) in paragraph at lines 710--710
[]|$\OMS/ztmcm/m/n/6 ^^@\OT1/ztmcm/m/n/6 0\OML/ztmcm/m/it/6 :\OT1/ztmcm/m/n/6 3
5$
 []


Overfull \hbox (1.09001pt too wide) in paragraph at lines 710--710
\OT1/ztmcm/m/n/6 [\OMS/ztmcm/m/n/6 ^^@\OT1/ztmcm/m/n/6 0\OML/ztmcm/m/it/6 :\OT1
/ztmcm/m/n/6 67\OML/ztmcm/m/it/6 ; \OT1/ztmcm/m/n/6 0\OML/ztmcm/m/it/6 :\OT1/zt
mcm/m/n/6 09]$\T1/ptm/m/n/6 ,
 []


Underfull \hbox (badness 10000) in paragraph at lines 710--710
[]|$\OT1/ztmcm/m/n/6 0\OML/ztmcm/m/it/6 :\OT1/ztmcm/m/n/6 28$
 []


Overfull \hbox (1.09001pt too wide) in paragraph at lines 710--710
\OT1/ztmcm/m/n/6 [\OMS/ztmcm/m/n/6 ^^@\OT1/ztmcm/m/n/6 0\OML/ztmcm/m/it/6 :\OT1
/ztmcm/m/n/6 18\OML/ztmcm/m/it/6 ; \OT1/ztmcm/m/n/6 0\OML/ztmcm/m/it/6 :\OT1/zt
mcm/m/n/6 64]$\T1/ptm/m/n/6 ,
 []


Underfull \hbox (badness 10000) in paragraph at lines 710--710
[]|$\OT1/ztmcm/m/n/6 0\OML/ztmcm/m/it/6 :\OT1/ztmcm/m/n/6 18$
 []


Overfull \hbox (1.09001pt too wide) in paragraph at lines 710--710
\OT1/ztmcm/m/n/6 [\OMS/ztmcm/m/n/6 ^^@\OT1/ztmcm/m/n/6 0\OML/ztmcm/m/it/6 :\OT1
/ztmcm/m/n/6 23\OML/ztmcm/m/it/6 ; \OT1/ztmcm/m/n/6 0\OML/ztmcm/m/it/6 :\OT1/zt
mcm/m/n/6 54]$\T1/ptm/m/n/6 ,
 []


Underfull \hbox (badness 10000) in paragraph at lines 713--713
[]|$\OT1/ztmcm/m/n/6 0\OML/ztmcm/m/it/6 :\OT1/ztmcm/m/n/6 16$
 []


Overfull \hbox (1.09001pt too wide) in paragraph at lines 713--713
\OT1/ztmcm/m/n/6 [\OMS/ztmcm/m/n/6 ^^@\OT1/ztmcm/m/n/6 0\OML/ztmcm/m/it/6 :\OT1
/ztmcm/m/n/6 32\OML/ztmcm/m/it/6 ; \OT1/ztmcm/m/n/6 0\OML/ztmcm/m/it/6 :\OT1/zt
mcm/m/n/6 57]$\T1/ptm/m/n/6 ,
 []


Underfull \hbox (badness 10000) in paragraph at lines 713--713
[]|$\OT1/ztmcm/m/n/6 0\OML/ztmcm/m/it/6 :\OT1/ztmcm/m/n/6 49$
 []


Underfull \hbox (badness 10000) in paragraph at lines 713--713
\OT1/ztmcm/m/n/6 [0\OML/ztmcm/m/it/6 :\OT1/ztmcm/m/n/6 04\OML/ztmcm/m/it/6 ; \O
T1/ztmcm/m/n/6 0\OML/ztmcm/m/it/6 :\OT1/ztmcm/m/n/6 77]$\T1/ptm/m/n/6 ,
 []


Underfull \hbox (badness 10000) in paragraph at lines 713--713
[]|$\OMS/ztmcm/m/n/6 ^^@\OT1/ztmcm/m/n/6 0\OML/ztmcm/m/it/6 :\OT1/ztmcm/m/n/6 2
6$
 []


Overfull \hbox (1.09001pt too wide) in paragraph at lines 713--713
\OT1/ztmcm/m/n/6 [\OMS/ztmcm/m/n/6 ^^@\OT1/ztmcm/m/n/6 0\OML/ztmcm/m/it/6 :\OT1
/ztmcm/m/n/6 66\OML/ztmcm/m/it/6 ; \OT1/ztmcm/m/n/6 0\OML/ztmcm/m/it/6 :\OT1/zt
mcm/m/n/6 25]$\T1/ptm/m/n/6 ,
 []


Underfull \hbox (badness 10000) in paragraph at lines 713--713
[]|$\OT1/ztmcm/m/n/6 0\OML/ztmcm/m/it/6 :\OT1/ztmcm/m/n/6 38$
 []


Underfull \hbox (badness 10000) in paragraph at lines 713--713
\OT1/ztmcm/m/n/6 [\OMS/ztmcm/m/n/6 ^^@\OT1/ztmcm/m/n/6 0\OML/ztmcm/m/it/6 :\OT1
/ztmcm/m/n/6 090\OML/ztmcm/m/it/6 :\OT1/ztmcm/m/n/6 71]$\T1/ptm/m/n/6 ,
 []


Underfull \hbox (badness 10000) in paragraph at lines 713--713
[]|$\OT1/ztmcm/m/n/6 0\OML/ztmcm/m/it/6 :\OT1/ztmcm/m/n/6 51$
 []


Underfull \hbox (badness 10000) in paragraph at lines 713--713
\OT1/ztmcm/m/n/6 [0\OML/ztmcm/m/it/6 :\OT1/ztmcm/m/n/6 07\OML/ztmcm/m/it/6 ; \O
T1/ztmcm/m/n/6 0\OML/ztmcm/m/it/6 :\OT1/ztmcm/m/n/6 78]$\T1/ptm/m/n/6 ,
 []


Underfull \hbox (badness 10000) in paragraph at lines 713--713
[]|$\OT1/ztmcm/m/n/6 0\OML/ztmcm/m/it/6 :\OT1/ztmcm/m/n/6 6$
 []


Underfull \hbox (badness 10000) in paragraph at lines 713--713
\OT1/ztmcm/m/n/6 [0\OML/ztmcm/m/it/6 :\OT1/ztmcm/m/n/6 2\OML/ztmcm/m/it/6 ; \OT
1/ztmcm/m/n/6 0\OML/ztmcm/m/it/6 :\OT1/ztmcm/m/n/6 83]$\T1/ptm/m/n/6 ,
 []


Underfull \hbox (badness 10000) in paragraph at lines 716--716
[]|$\OT1/ztmcm/m/n/6 0\OML/ztmcm/m/it/6 :\OT1/ztmcm/m/n/6 18$
 []


Overfull \hbox (1.09001pt too wide) in paragraph at lines 716--716
\OT1/ztmcm/m/n/6 [\OMS/ztmcm/m/n/6 ^^@\OT1/ztmcm/m/n/6 0\OML/ztmcm/m/it/6 :\OT1
/ztmcm/m/n/6 23\OML/ztmcm/m/it/6 ; \OT1/ztmcm/m/n/6 0\OML/ztmcm/m/it/6 :\OT1/zt
mcm/m/n/6 54]$\T1/ptm/m/n/6 ,
 []


Underfull \hbox (badness 10000) in paragraph at lines 716--716
[]|$\OT1/ztmcm/m/n/6 0\OML/ztmcm/m/it/6 :\OT1/ztmcm/m/n/6 49$
 []


Underfull \hbox (badness 10000) in paragraph at lines 716--716
\OT1/ztmcm/m/n/6 [0\OML/ztmcm/m/it/6 :\OT1/ztmcm/m/n/6 11\OML/ztmcm/m/it/6 ; \O
T1/ztmcm/m/n/6 0\OML/ztmcm/m/it/6 :\OT1/ztmcm/m/n/6 74]$\T1/ptm/m/n/6 ,
 []


Underfull \hbox (badness 10000) in paragraph at lines 716--716
[]|$\OMS/ztmcm/m/n/6 ^^@\OT1/ztmcm/m/n/6 0\OML/ztmcm/m/it/6 :\OT1/ztmcm/m/n/6 5
3$
 []


Overfull \hbox (5.75194pt too wide) in paragraph at lines 716--716
\OT1/ztmcm/m/n/6 [\OMS/ztmcm/m/n/6 ^^@\OT1/ztmcm/m/n/6 0\OML/ztmcm/m/it/6 :\OT1
/ztmcm/m/n/6 78\OML/ztmcm/m/it/6 ; \OMS/ztmcm/m/n/6 ^^@\OT1/ztmcm/m/n/6 0\OML/z
tmcm/m/it/6 :\OT1/ztmcm/m/n/6 14]$\T1/ptm/m/n/6 ,
 []


Underfull \hbox (badness 10000) in paragraph at lines 716--716
[]|$\OT1/ztmcm/m/n/6 0\OML/ztmcm/m/it/6 :\OT1/ztmcm/m/n/6 41$
 []


Overfull \hbox (1.09001pt too wide) in paragraph at lines 716--716
\OT1/ztmcm/m/n/6 [\OMS/ztmcm/m/n/6 ^^@\OT1/ztmcm/m/n/6 0\OML/ztmcm/m/it/6 :\OT1
/ztmcm/m/n/6 03\OML/ztmcm/m/it/6 ; \OT1/ztmcm/m/n/6 0\OML/ztmcm/m/it/6 :\OT1/zt
mcm/m/n/6 72]$\T1/ptm/m/n/6 ,
 []


Underfull \hbox (badness 10000) in paragraph at lines 716--716
[]|$\OT1/ztmcm/m/n/6 0\OML/ztmcm/m/it/6 :\OT1/ztmcm/m/n/6 53$
 []


Underfull \hbox (badness 10000) in paragraph at lines 716--716
\OT1/ztmcm/m/n/6 [0\OML/ztmcm/m/it/6 :\OT1/ztmcm/m/n/6 18\OML/ztmcm/m/it/6 ; \O
T1/ztmcm/m/n/6 0\OML/ztmcm/m/it/6 :\OT1/ztmcm/m/n/6 77]$\T1/ptm/m/n/6 ,
 []


Underfull \hbox (badness 10000) in paragraph at lines 716--716
[]|$\OT1/ztmcm/m/n/6 0\OML/ztmcm/m/it/6 :\OT1/ztmcm/m/n/6 77$
 []


Underfull \hbox (badness 10000) in paragraph at lines 716--716
\OT1/ztmcm/m/n/6 [0\OML/ztmcm/m/it/6 :\OT1/ztmcm/m/n/6 53\OML/ztmcm/m/it/6 ; \O
T1/ztmcm/m/n/6 0\OML/ztmcm/m/it/6 :\OT1/ztmcm/m/n/6 89]$\T1/ptm/m/n/6 ,
 []


Underfull \hbox (badness 10000) in paragraph at lines 716--716
[]|$\OT1/ztmcm/m/n/6 0\OML/ztmcm/m/it/6 :\OT1/ztmcm/m/n/6 81$
 []


Underfull \hbox (badness 10000) in paragraph at lines 716--716
\OT1/ztmcm/m/n/6 [0\OML/ztmcm/m/it/6 :\OT1/ztmcm/m/n/6 57\OML/ztmcm/m/it/6 ; \O
T1/ztmcm/m/n/6 0\OML/ztmcm/m/it/6 :\OT1/ztmcm/m/n/6 93]$\T1/ptm/m/n/6 ,
 []


Underfull \hbox (badness 10000) in paragraph at lines 719--719
[]|$\OMS/ztmcm/m/n/6 ^^@\OT1/ztmcm/m/n/6 0\OML/ztmcm/m/it/6 :\OT1/ztmcm/m/n/6 0
7$
 []


Overfull \hbox (1.09001pt too wide) in paragraph at lines 719--719
\OT1/ztmcm/m/n/6 [\OMS/ztmcm/m/n/6 ^^@\OT1/ztmcm/m/n/6 0\OML/ztmcm/m/it/6 :\OT1
/ztmcm/m/n/6 45\OML/ztmcm/m/it/6 ; \OT1/ztmcm/m/n/6 0\OML/ztmcm/m/it/6 :\OT1/zt
mcm/m/n/6 33]$\T1/ptm/m/n/6 ,
 []


Underfull \hbox (badness 10000) in paragraph at lines 719--719
[]|$\OT1/ztmcm/m/n/6 0\OML/ztmcm/m/it/6 :\OT1/ztmcm/m/n/6 61$
 []


Underfull \hbox (badness 10000) in paragraph at lines 719--719
\OT1/ztmcm/m/n/6 [0\OML/ztmcm/m/it/6 :\OT1/ztmcm/m/n/6 28\OML/ztmcm/m/it/6 ; \O
T1/ztmcm/m/n/6 0\OML/ztmcm/m/it/6 :\OT1/ztmcm/m/n/6 81]$\T1/ptm/m/n/6 ,
 []


Underfull \hbox (badness 10000) in paragraph at lines 719--719
[]|$\OMS/ztmcm/m/n/6 ^^@\OT1/ztmcm/m/n/6 0\OML/ztmcm/m/it/6 :\OT1/ztmcm/m/n/6 4
2$
 []


Underfull \hbox (badness 10000) in paragraph at lines 719--719
\OT1/ztmcm/m/n/6 [\OMS/ztmcm/m/n/6 ^^@\OT1/ztmcm/m/n/6 0\OML/ztmcm/m/it/6 :\OT1
/ztmcm/m/n/6 72\OML/ztmcm/m/it/6 ; \OT1/ztmcm/m/n/6 0]$\T1/ptm/m/n/6 ,
 []


Underfull \hbox (badness 10000) in paragraph at lines 719--719
[]|$\OT1/ztmcm/m/n/6 0\OML/ztmcm/m/it/6 :\OT1/ztmcm/m/n/6 31$
 []


Overfull \hbox (1.09001pt too wide) in paragraph at lines 719--719
\OT1/ztmcm/m/n/6 [\OMS/ztmcm/m/n/6 ^^@\OT1/ztmcm/m/n/6 0\OML/ztmcm/m/it/6 :\OT1
/ztmcm/m/n/6 15\OML/ztmcm/m/it/6 ; \OT1/ztmcm/m/n/6 0\OML/ztmcm/m/it/6 :\OT1/zt
mcm/m/n/6 66]$\T1/ptm/m/n/6 ,
 []


Underfull \hbox (badness 10000) in paragraph at lines 719--719
[]|$\OT1/ztmcm/m/n/6 0\OML/ztmcm/m/it/6 :\OT1/ztmcm/m/n/6 25$
 []


Overfull \hbox (1.09001pt too wide) in paragraph at lines 719--719
\OT1/ztmcm/m/n/6 [\OMS/ztmcm/m/n/6 ^^@\OT1/ztmcm/m/n/6 0\OML/ztmcm/m/it/6 :\OT1
/ztmcm/m/n/6 16\OML/ztmcm/m/it/6 ; \OT1/ztmcm/m/n/6 0\OML/ztmcm/m/it/6 :\OT1/zt
mcm/m/n/6 59]$\T1/ptm/m/n/6 ,
 []


Underfull \hbox (badness 10000) in paragraph at lines 719--719
[]|$\OT1/ztmcm/m/n/6 0\OML/ztmcm/m/it/6 :\OT1/ztmcm/m/n/6 35$
 []


Overfull \hbox (1.09001pt too wide) in paragraph at lines 719--719
\OT1/ztmcm/m/n/6 [\OMS/ztmcm/m/n/6 ^^@\OT1/ztmcm/m/n/6 0\OML/ztmcm/m/it/6 :\OT1
/ztmcm/m/n/6 05\OML/ztmcm/m/it/6 ; \OT1/ztmcm/m/n/6 0\OML/ztmcm/m/it/6 :\OT1/zt
mcm/m/n/6 65]$\T1/ptm/m/n/6 ,
 []


Underfull \hbox (badness 10000) in paragraph at lines 719--719
[]|$\OT1/ztmcm/m/n/6 0\OML/ztmcm/m/it/6 :\OT1/ztmcm/m/n/6 44$
 []


Overfull \hbox (1.09001pt too wide) in paragraph at lines 719--719
\OT1/ztmcm/m/n/6 [\OMS/ztmcm/m/n/6 ^^@\OT1/ztmcm/m/n/6 0\OML/ztmcm/m/it/6 :\OT1
/ztmcm/m/n/6 02\OML/ztmcm/m/it/6 ; \OT1/ztmcm/m/n/6 0\OML/ztmcm/m/it/6 :\OT1/zt
mcm/m/n/6 74]$\T1/ptm/m/n/6 ,
 []


Underfull \hbox (badness 10000) in paragraph at lines 719--720
[]|$\OT1/ztmcm/m/n/6 0\OML/ztmcm/m/it/6 :\OT1/ztmcm/m/n/6 34$
 []


Overfull \hbox (1.09001pt too wide) in paragraph at lines 719--720
\OT1/ztmcm/m/n/6 [\OMS/ztmcm/m/n/6 ^^@\OT1/ztmcm/m/n/6 0\OML/ztmcm/m/it/6 :\OT1
/ztmcm/m/n/6 07\OML/ztmcm/m/it/6 ; \OT1/ztmcm/m/n/6 0\OML/ztmcm/m/it/6 :\OT1/zt
mcm/m/n/6 65]$\T1/ptm/m/n/6 ,
 []


Package lastpage Warning: Rerun to get the references right on input line 729.


AED: lastpage setting LastPage
[20]
Package atveryend Info: Empty hook `BeforeClearDocument' on input line 729.
Package atveryend Info: Empty hook `AfterLastShipout' on input line 729.
 (./main.aux)
Package atveryend Info: Executing hook `AtVeryEndDocument' on input line 729.
Package atveryend Info: Executing hook `AtEndAfterFileList' on input line 729.


Package rerunfilecheck Warning: File `main.out' has changed.
(rerunfilecheck)                Rerun to get outlines right
(rerunfilecheck)                or use package `bookmark'.

Package rerunfilecheck Info: Checksums for `main.out':
(rerunfilecheck)             Before: <no file>
(rerunfilecheck)             After:  D41D8CD98F00B204E9800998ECF8427E;0.

LaTeX Warning: Label(s) may have changed. Rerun to get cross-references right.

Package atveryend Info: Empty hook `AtVeryVeryEnd' on input line 729.
 ) 
Here is how much of TeX's memory you used:
 30197 strings out of 492616
 578399 string characters out of 6129482
 707467 words of memory out of 5000000
 33512 multiletter control sequences out of 15000+600000
 632062 words of font info for 324 fonts, out of 8000000 for 9000
 1141 hyphenation exceptions out of 8191
 47i,12n,65p,1642b,403s stack positions out of 5000i,500n,10000p,200000b,80000s
{/usr/local/texlive/2019/texmf-dist/fonts/enc/dvips/base/8r.enc}</usr/local/t
exlive/2019/texmf-dist/fonts/type1/public/amsfonts/cm/cmmi10.pfb></usr/local/te
xlive/2019/texmf-dist/fonts/type1/public/amsfonts/cm/cmr10.pfb></usr/local/texl
ive/2019/texmf-dist/fonts/type1/public/amsfonts/cm/cmsy10.pfb></usr/local/texli
ve/2019/texmf-dist/fonts/type1/urw/courier/ucrr8a.pfb></usr/local/texlive/2019/
texmf-dist/fonts/type1/urw/helvetic/uhvb8a.pfb></usr/local/texlive/2019/texmf-d
ist/fonts/type1/urw/helvetic/uhvr8a.pfb></usr/local/texlive/2019/texmf-dist/fon
ts/type1/urw/symbol/usyr.pfb></usr/local/texlive/2019/texmf-dist/fonts/type1/ur
w/times/utmb8a.pfb></usr/local/texlive/2019/texmf-dist/fonts/type1/urw/times/ut
mbi8a.pfb></usr/local/texlive/2019/texmf-dist/fonts/type1/urw/times/utmr8a.pfb>
</usr/local/texlive/2019/texmf-dist/fonts/type1/urw/times/utmri8a.pfb>
Output written on main.pdf (20 pages, 165563 bytes).
PDF statistics:
 150 PDF objects out of 1000 (max. 8388607)
 115 compressed objects within 2 object streams
 21 named destinations out of 1000 (max. 500000)
 57345 words of extra memory for PDF output out of 61914 (max. 10000000)

